<?xml version="1.0" encoding="UTF-8"?>
<!-- Generated by org.testng.reporters.JUnitXMLReporter -->
<testsuite ignored="3" hostname="JOBITO" failures="0" tests="3" name="Test" time="0.065" errors="0" timestamp="2023-05-13T09:06:43 IST">
  <testcase classname="testing.seleniumDemo2" name="b" time="0.011"/>
  <testcase classname="testing.seleniumDemo2" name="f" time="0.001"/>
  <testcase classname="testing.seleniumDemo2" name="a" time="0.007"/>
  <testcase classname="testing.seleniumDemo2" name="c" time="0.0">
    <ignored/>
  </testcase> <!-- c -->
  <testcase classname="testing.seleniumDemo2" name="g" time="0.0">
    <ignored/>
  </testcase> <!-- g -->
  <testcase classname="testing.seleniumDemo2" name="e" time="0.0">
    <ignored/>
  </testcase> <!-- e -->
</testsuite> <!-- Test -->
