<?xml version="1.0" encoding="UTF-8"?>
<testng-results ignored="0" total="1" passed="1" failed="0" skipped="0">
  <reporter-output>
  </reporter-output>
  <suite started-at="2023-05-15T08:39:53 IST" name="Default suite" finished-at="2023-05-15T08:40:39 IST" duration-ms="45758">
    <groups>
    </groups>
    <test started-at="2023-05-15T08:39:53 IST" name="Default test" finished-at="2023-05-15T08:40:39 IST" duration-ms="45758">
      <class name="testing.seleniumDemo2">
        <test-method is-config="true" signature="beforeDemo()[pri:0, instance:testing.seleniumDemo2@4b5d6a01]" started-at="2023-05-15T08:39:53 IST" name="beforeDemo" finished-at="2023-05-15T08:39:56 IST" duration-ms="3087" status="PASS">
          <reporter-output>
          </reporter-output>
        </test-method> <!-- beforeDemo -->
        <test-method signature="a()[pri:1, instance:testing.seleniumDemo2@4b5d6a01]" started-at="2023-05-15T08:39:56 IST" name="a" finished-at="2023-05-15T08:40:39 IST" duration-ms="42613" status="PASS">
          <reporter-output>
          </reporter-output>
        </test-method> <!-- a -->
        <test-method is-config="true" signature="afterDemo()[pri:0, instance:testing.seleniumDemo2@4b5d6a01]" started-at="2023-05-15T08:40:39 IST" name="afterDemo" finished-at="2023-05-15T08:40:39 IST" duration-ms="1" status="PASS">
          <reporter-output>
          </reporter-output>
        </test-method> <!-- afterDemo -->
      </class> <!-- testing.seleniumDemo2 -->
    </test> <!-- Default test -->
  </suite> <!-- Default suite -->
</testng-results>
